0 info it worked if it ends with ok
1 verbose cli [ '/Users/yuanpengfei/.nvm/versions/node/v6.10.0/bin/node',
1 verbose cli   '/Users/yuanpengfei/.nvm/versions/node/v6.10.0/bin/npm',
1 verbose cli   'run',
1 verbose cli   'start_koa' ]
2 info using npm@3.10.10
3 info using node@v6.10.0
4 verbose run-script [ 'prestart_koa', 'start_koa', 'poststart_koa' ]
5 info lifecycle koa-test@0.1.0~prestart_koa: koa-test@0.1.0
6 silly lifecycle koa-test@0.1.0~prestart_koa: no script for prestart_koa, continuing
7 info lifecycle koa-test@0.1.0~start_koa: koa-test@0.1.0
8 verbose lifecycle koa-test@0.1.0~start_koa: unsafe-perm in lifecycle true
9 verbose lifecycle koa-test@0.1.0~start_koa: PATH: /Users/yuanpengfei/.nvm/versions/node/v6.10.0/lib/node_modules/npm/bin/node-gyp-bin:/Users/yuanpengfei/VsCode/koa-test/node_modules/.bin:/Library/Frameworks/Python.framework/Versions/3.6/bin:/Users/yuanpengfei/.nvm/versions/node/v6.10.0/bin:/usr/local/bin:/usr/bin:/bin:/usr/sbin:/sbin
10 verbose lifecycle koa-test@0.1.0~start_koa: CWD: /Users/yuanpengfei/VsCode/koa-test
11 silly lifecycle koa-test@0.1.0~start_koa: Args: [ '-c', 'bin/run' ]
12 silly lifecycle koa-test@0.1.0~start_koa: Returned: code: 1  signal: null
13 info lifecycle koa-test@0.1.0~start_koa: Failed to exec start_koa script
14 verbose stack Error: koa-test@0.1.0 start_koa: `bin/run`
14 verbose stack Exit status 1
14 verbose stack     at EventEmitter.<anonymous> (/Users/yuanpengfei/.nvm/versions/node/v6.10.0/lib/node_modules/npm/lib/utils/lifecycle.js:255:16)
14 verbose stack     at emitTwo (events.js:106:13)
14 verbose stack     at EventEmitter.emit (events.js:191:7)
14 verbose stack     at ChildProcess.<anonymous> (/Users/yuanpengfei/.nvm/versions/node/v6.10.0/lib/node_modules/npm/lib/utils/spawn.js:40:14)
14 verbose stack     at emitTwo (events.js:106:13)
14 verbose stack     at ChildProcess.emit (events.js:191:7)
14 verbose stack     at maybeClose (internal/child_process.js:877:16)
14 verbose stack     at Process.ChildProcess._handle.onexit (internal/child_process.js:226:5)
15 verbose pkgid koa-test@0.1.0
16 verbose cwd /Users/yuanpengfei/VsCode/koa-test
17 error Darwin 16.4.0
18 error argv "/Users/yuanpengfei/.nvm/versions/node/v6.10.0/bin/node" "/Users/yuanpengfei/.nvm/versions/node/v6.10.0/bin/npm" "run" "start_koa"
19 error node v6.10.0
20 error npm  v3.10.10
21 error code ELIFECYCLE
22 error koa-test@0.1.0 start_koa: `bin/run`
22 error Exit status 1
23 error Failed at the koa-test@0.1.0 start_koa script 'bin/run'.
23 error Make sure you have the latest version of node.js and npm installed.
23 error If you do, this is most likely a problem with the koa-test package,
23 error not with npm itself.
23 error Tell the author that this fails on your system:
23 error     bin/run
23 error You can get information on how to open an issue for this project with:
23 error     npm bugs koa-test
23 error Or if that isn't available, you can get their info via:
23 error     npm owner ls koa-test
23 error There is likely additional logging output above.
24 verbose exit [ 1, true ]
